c:\users\debil\documents\visual studio 2017\projects\sfmltemplate\sfmltemplate\debug\vc141.pdb
c:\users\debil\documents\visual studio 2017\projects\sfmltemplate\sfmltemplate\debug\vc141.idb
c:\users\debil\documents\visual studio 2017\projects\sfmltemplate\sfmltemplate\debug\level.obj
c:\users\debil\documents\visual studio 2017\projects\sfmltemplate\sfmltemplate\debug\main.obj
c:\users\debil\documents\visual studio 2017\projects\sfmltemplate\sfmltemplate\debug\defalt.obj
c:\users\debil\documents\visual studio 2017\projects\sfmltemplate\sfmltemplate\debug\menu.obj
c:\users\debil\documents\visual studio 2017\projects\sfmltemplate\sfmltemplate\debug\platform.obj
c:\users\debil\documents\visual studio 2017\projects\sfmltemplate\sfmltemplate\debug\player.obj
c:\users\debil\documents\visual studio 2017\projects\sfmltemplate\sfmltemplate\debug\tile.obj
c:\users\debil\documents\visual studio 2017\projects\sfmltemplate\sfmltemplate\debug\tinystr.obj
c:\users\debil\documents\visual studio 2017\projects\sfmltemplate\sfmltemplate\debug\tinyxml.obj
c:\users\debil\documents\visual studio 2017\projects\sfmltemplate\sfmltemplate\debug\tinyxmlerror.obj
c:\users\debil\documents\visual studio 2017\projects\sfmltemplate\sfmltemplate\debug\tinyxmlparser.obj
c:\users\debil\documents\visual studio 2017\projects\sfmltemplate\debug\sfmltemplate.ilk
c:\users\debil\documents\visual studio 2017\projects\sfmltemplate\debug\sfmltemplate.exe
c:\users\debil\documents\visual studio 2017\projects\sfmltemplate\debug\sfmltemplate.pdb
c:\users\debil\documents\visual studio 2017\projects\sfmltemplate\sfmltemplate\debug\sfmltemplate.tlog\cl.command.1.tlog
c:\users\debil\documents\visual studio 2017\projects\sfmltemplate\sfmltemplate\debug\sfmltemplate.tlog\cl.read.1.tlog
c:\users\debil\documents\visual studio 2017\projects\sfmltemplate\sfmltemplate\debug\sfmltemplate.tlog\cl.write.1.tlog
c:\users\debil\documents\visual studio 2017\projects\sfmltemplate\sfmltemplate\debug\sfmltemplate.tlog\link.command.1.tlog
c:\users\debil\documents\visual studio 2017\projects\sfmltemplate\sfmltemplate\debug\sfmltemplate.tlog\link.read.1.tlog
c:\users\debil\documents\visual studio 2017\projects\sfmltemplate\sfmltemplate\debug\sfmltemplate.tlog\link.write.1.tlog
